C:\Users\gacan\Dropbox\SeismicHazard-BETA\platform_defaultmodels\ST1.2.txt
--------------------------------------------------------
Benchmark Solution
IM      1.00000e-02 1.32162e-02 1.74668e-02 2.30845e-02 3.05090e-02 4.03213e-02 5.32894e-02 7.04284e-02 9.30796e-02 1.23016e-01 1.62580e-01 2.14870e-01 2.83976e-01 3.75309e-01 4.96016e-01 6.55545e-01 8.66382e-01 1.14503e+00 1.51329e+00 2.00000e+00 
Site1   2.00000e+00 2.00000e+00 1.99997e+00 1.99988e+00 1.99946e+00 1.99794e+00 1.99313e+00 1.97995e+00 1.94855e+00 1.88357e+00 1.76680e+00 1.58458e+00 1.33761e+00 1.04693e+00 7.49789e-01 4.85999e-01 2.82619e-01 1.46439e-01 6.72511e-02 2.72610e-02 
Site2   1.99986e+00 1.99941e+00 1.99778e+00 1.99268e+00 1.97878e+00 1.94594e+00 1.87851e+00 1.75831e+00 1.57223e+00 1.32204e+00 1.02990e+00 7.33638e-01 4.72721e-01 2.73154e-01 1.40590e-01 6.41170e-02 2.58050e-02 9.13653e-03 2.83883e-03 7.72568e-04 
Site3   1.99597e+00 1.98752e+00 1.96603e+00 1.91861e+00 1.82772e+00 1.67643e+00 1.45773e+00 1.18317e+00 8.83803e-01 6.00335e-01 3.67223e-01 2.00737e-01 9.74742e-02 4.18516e-02 1.58322e-02 5.26218e-03 1.53334e-03 3.91026e-04 8.71499e-05 1.69565e-05 

SeismicHazard Solution
IM      1.00000e-02 1.32162e-02 1.74668e-02 2.30845e-02 3.05090e-02 4.03213e-02 5.32894e-02 7.04284e-02 9.30796e-02 1.23016e-01 1.62580e-01 2.14870e-01 2.83976e-01 3.75309e-01 4.96016e-01 6.55545e-01 8.66382e-01 1.14503e+00 1.51329e+00 2.00000e+00 
Site1   2.00000e+00 2.00000e+00 1.99997e+00 1.99988e+00 1.99946e+00 1.99794e+00 1.99313e+00 1.97995e+00 1.94855e+00 1.88357e+00 1.76680e+00 1.58458e+00 1.33761e+00 1.04693e+00 7.49789e-01 4.85999e-01 2.82619e-01 1.46439e-01 6.72511e-02 2.72609e-02 
Site2   1.99986e+00 1.99941e+00 1.99778e+00 1.99268e+00 1.97878e+00 1.94594e+00 1.87851e+00 1.75831e+00 1.57223e+00 1.32204e+00 1.02990e+00 7.33638e-01 4.72721e-01 2.73154e-01 1.40590e-01 6.41170e-02 2.58050e-02 9.13652e-03 2.83883e-03 7.72568e-04 
Site3   1.99597e+00 1.98752e+00 1.96603e+00 1.91861e+00 1.82772e+00 1.67643e+00 1.45773e+00 1.18317e+00 8.83803e-01 6.00335e-01 3.67223e-01 2.00737e-01 9.74742e-02 4.18516e-02 1.58322e-02 5.26218e-03 1.53334e-03 3.91026e-04 8.71499e-05 1.69565e-05 

Error (percentage)
Site1   2.25945e-06 1.10758e-06 1.03418e-06 1.56835e-06 4.12788e-07 1.22293e-06 2.80441e-06 1.03201e-07 2.47146e-06 3.07933e-07 2.90898e-06 1.35717e-06 3.17153e-06 5.54046e-09 1.71840e-07 5.19557e-07 2.32881e-06 3.77109e-06 1.23860e-06 1.21323e-06 
Site2   2.24777e-06 4.13357e-07 1.20206e-06 2.03562e-06 1.83968e-07 7.98950e-07 1.20421e-07 7.31482e-07 2.11158e-06 2.92536e-06 2.30255e-06 2.20738e-06 2.06234e-06 4.94117e-06 3.29374e-06 4.99611e-06 2.45921e-06 3.65244e-06 4.20534e-07 2.32153e-06 
Site3   4.98709e-07 8.85990e-07 1.23984e-06 1.72916e-06 1.26417e-06 9.10975e-07 3.21736e-07 1.66999e-06 1.29046e-06 2.24238e-07 3.07877e-06 3.01084e-06 2.16007e-06 2.61272e-06 2.84666e-06 1.84157e-06 4.45816e-07 6.74324e-07 2.39523e-06 3.83682e-07 

Error less 5 percent(Y/N)
Site1   Y           Y           Y           Y           Y           Y           Y           Y           Y           Y           Y           Y           Y           Y           Y           Y           Y           Y           Y           Y
Site2   Y           Y           Y           Y           Y           Y           Y           Y           Y           Y           Y           Y           Y           Y           Y           Y           Y           Y           Y           Y
Site3   Y           Y           Y           Y           Y           Y           Y           Y           Y           Y           Y           Y           Y           Y           Y           Y           Y           Y           Y           Y
